<?xml version="1.0" encoding="UTF-8"?>
<testsuite xmlns:xsi="http://www.w3.org/2001/XMLSchema-instance" xsi:noNamespaceSchemaLocation="https://maven.apache.org/surefire/maven-surefire-plugin/xsd/surefire-test-report-3.0.xsd" version="3.0" name="TestRunner" time="0.77" tests="7" errors="0" skipped="0" failures="0">
  <properties>
    <property name="java.specification.version" value="19"/>
    <property name="sun.cpu.isalist" value="amd64"/>
    <property name="sun.jnu.encoding" value="Cp1252"/>
    <property name="java.class.path" value="C:\Juan\ProjetoG1Web\target\test-classes;C:\Juan\ProjetoG1Web\target\classes;C:\Users\emili\.m2\repository\io\cucumber\cucumber-archetype\7.11.2\cucumber-archetype-7.11.2.jar;C:\Users\emili\.m2\repository\io\cucumber\cucumber-java\7.11.2\cucumber-java-7.11.2.jar;C:\Users\emili\.m2\repository\io\cucumber\cucumber-core\7.11.2\cucumber-core-7.11.2.jar;C:\Users\emili\.m2\repository\io\cucumber\cucumber-gherkin\7.11.2\cucumber-gherkin-7.11.2.jar;C:\Users\emili\.m2\repository\io\cucumber\cucumber-gherkin-messages\7.11.2\cucumber-gherkin-messages-7.11.2.jar;C:\Users\emili\.m2\repository\io\cucumber\gherkin\26.0.3\gherkin-26.0.3.jar;C:\Users\emili\.m2\repository\io\cucumber\messages\21.0.1\messages-21.0.1.jar;C:\Users\emili\.m2\repository\io\cucumber\tag-expressions\5.0.1\tag-expressions-5.0.1.jar;C:\Users\emili\.m2\repository\io\cucumber\cucumber-expressions\16.1.2\cucumber-expressions-16.1.2.jar;C:\Users\emili\.m2\repository\io\cucumber\datatable\7.11.2\datatable-7.11.2.jar;C:\Users\emili\.m2\repository\io\cucumber\cucumber-plugin\7.11.2\cucumber-plugin-7.11.2.jar;C:\Users\emili\.m2\repository\io\cucumber\docstring\7.11.2\docstring-7.11.2.jar;C:\Users\emili\.m2\repository\io\cucumber\html-formatter\20.2.1\html-formatter-20.2.1.jar;C:\Users\emili\.m2\repository\io\cucumber\junit-xml-formatter\0.1.0\junit-xml-formatter-0.1.0.jar;C:\Users\emili\.m2\repository\io\cucumber\ci-environment\9.1.0\ci-environment-9.1.0.jar;C:\Users\emili\.m2\repository\org\apiguardian\apiguardian-api\1.1.2\apiguardian-api-1.1.2.jar;C:\Users\emili\.m2\repository\io\cucumber\cucumber-jvm-deps\1.0.6\cucumber-jvm-deps-1.0.6.jar;C:\Users\emili\.m2\repository\io\cucumber\cucumber-testng\7.11.2\cucumber-testng-7.11.2.jar;C:\Users\emili\.m2\repository\org\testng\testng\7.7.1\testng-7.7.1.jar;C:\Users\emili\.m2\repository\org\slf4j\slf4j-api\1.7.36\slf4j-api-1.7.36.jar;C:\Users\emili\.m2\repository\com\beust\jcommander\1.82\jcommander-1.82.jar;C:\Users\emili\.m2\repository\org\webjars\jquery\3.6.1\jquery-3.6.1.jar;C:\Users\emili\.m2\repository\net\masterthought\cucumber-reporting\5.7.5\cucumber-reporting-5.7.5.jar;C:\Users\emili\.m2\repository\com\fasterxml\jackson\core\jackson-databind\2.13.2.2\jackson-databind-2.13.2.2.jar;C:\Users\emili\.m2\repository\com\fasterxml\jackson\core\jackson-annotations\2.13.2\jackson-annotations-2.13.2.jar;C:\Users\emili\.m2\repository\com\fasterxml\jackson\core\jackson-core\2.13.2\jackson-core-2.13.2.jar;C:\Users\emili\.m2\repository\com\fasterxml\jackson\datatype\jackson-datatype-jsr310\2.13.2\jackson-datatype-jsr310-2.13.2.jar;C:\Users\emili\.m2\repository\org\apache\velocity\velocity-engine-core\2.3\velocity-engine-core-2.3.jar;C:\Users\emili\.m2\repository\org\apache\commons\commons-collections4\4.4\commons-collections4-4.4.jar;C:\Users\emili\.m2\repository\joda-time\joda-time\2.12.2\joda-time-2.12.2.jar;C:\Users\emili\.m2\repository\org\apache\commons\commons-lang3\3.12.0\commons-lang3-3.12.0.jar;C:\Users\emili\.m2\repository\commons-io\commons-io\2.7\commons-io-2.7.jar;C:\Users\emili\.m2\repository\org\codehaus\plexus\plexus-utils\3.5.0\plexus-utils-3.5.0.jar;C:\Users\emili\.m2\repository\org\jsoup\jsoup\1.15.4\jsoup-1.15.4.jar;C:\Users\emili\.m2\repository\com\googlecode\owasp-java-html-sanitizer\owasp-java-html-sanitizer\20220608.1\owasp-java-html-sanitizer-20220608.1.jar;C:\Users\emili\.m2\repository\com\google\guava\guava\30.1-jre\guava-30.1-jre.jar;C:\Users\emili\.m2\repository\com\google\guava\failureaccess\1.0.1\failureaccess-1.0.1.jar;C:\Users\emili\.m2\repository\com\google\guava\listenablefuture\9999.0-empty-to-avoid-conflict-with-guava\listenablefuture-9999.0-empty-to-avoid-conflict-with-guava.jar;C:\Users\emili\.m2\repository\com\google\code\findbugs\jsr305\3.0.2\jsr305-3.0.2.jar;C:\Users\emili\.m2\repository\org\checkerframework\checker-qual\3.5.0\checker-qual-3.5.0.jar;C:\Users\emili\.m2\repository\com\google\errorprone\error_prone_annotations\2.3.4\error_prone_annotations-2.3.4.jar;C:\Users\emili\.m2\repository\com\google\j2objc\j2objc-annotations\1.3\j2objc-annotations-1.3.jar;C:\Users\emili\.m2\repository\commons-configuration\commons-configuration\1.10\commons-configuration-1.10.jar;C:\Users\emili\.m2\repository\commons-lang\commons-lang\2.6\commons-lang-2.6.jar;C:\Users\emili\.m2\repository\commons-logging\commons-logging\1.1.1\commons-logging-1.1.1.jar;"/>
    <property name="java.vm.vendor" value="Oracle Corporation"/>
    <property name="sun.arch.data.model" value="64"/>
    <property name="user.variant" value=""/>
    <property name="java.vendor.url" value="https://java.oracle.com/"/>
    <property name="user.timezone" value="America/Sao_Paulo"/>
    <property name="os.name" value="Windows 10"/>
    <property name="java.vm.specification.version" value="19"/>
    <property name="sun.java.launcher" value="SUN_STANDARD"/>
    <property name="user.country" value="BR"/>
    <property name="sun.boot.library.path" value="C:\Program Files\Java\jdk-19\bin"/>
    <property name="sun.java.command" value="C:\Users\emili\AppData\Local\Temp\surefire12053823929965039413\surefirebooter-20230326170152314_3.jar C:\Users\emili\AppData\Local\Temp\surefire12053823929965039413 2023-03-26T17-01-52_205-jvmRun1 surefire-20230326170152314_1tmp surefire_0-20230326170152314_2tmp"/>
    <property name="jdk.debug" value="release"/>
    <property name="surefire.test.class.path" value="C:\Juan\ProjetoG1Web\target\test-classes;C:\Juan\ProjetoG1Web\target\classes;C:\Users\emili\.m2\repository\io\cucumber\cucumber-archetype\7.11.2\cucumber-archetype-7.11.2.jar;C:\Users\emili\.m2\repository\io\cucumber\cucumber-java\7.11.2\cucumber-java-7.11.2.jar;C:\Users\emili\.m2\repository\io\cucumber\cucumber-core\7.11.2\cucumber-core-7.11.2.jar;C:\Users\emili\.m2\repository\io\cucumber\cucumber-gherkin\7.11.2\cucumber-gherkin-7.11.2.jar;C:\Users\emili\.m2\repository\io\cucumber\cucumber-gherkin-messages\7.11.2\cucumber-gherkin-messages-7.11.2.jar;C:\Users\emili\.m2\repository\io\cucumber\gherkin\26.0.3\gherkin-26.0.3.jar;C:\Users\emili\.m2\repository\io\cucumber\messages\21.0.1\messages-21.0.1.jar;C:\Users\emili\.m2\repository\io\cucumber\tag-expressions\5.0.1\tag-expressions-5.0.1.jar;C:\Users\emili\.m2\repository\io\cucumber\cucumber-expressions\16.1.2\cucumber-expressions-16.1.2.jar;C:\Users\emili\.m2\repository\io\cucumber\datatable\7.11.2\datatable-7.11.2.jar;C:\Users\emili\.m2\repository\io\cucumber\cucumber-plugin\7.11.2\cucumber-plugin-7.11.2.jar;C:\Users\emili\.m2\repository\io\cucumber\docstring\7.11.2\docstring-7.11.2.jar;C:\Users\emili\.m2\repository\io\cucumber\html-formatter\20.2.1\html-formatter-20.2.1.jar;C:\Users\emili\.m2\repository\io\cucumber\junit-xml-formatter\0.1.0\junit-xml-formatter-0.1.0.jar;C:\Users\emili\.m2\repository\io\cucumber\ci-environment\9.1.0\ci-environment-9.1.0.jar;C:\Users\emili\.m2\repository\org\apiguardian\apiguardian-api\1.1.2\apiguardian-api-1.1.2.jar;C:\Users\emili\.m2\repository\io\cucumber\cucumber-jvm-deps\1.0.6\cucumber-jvm-deps-1.0.6.jar;C:\Users\emili\.m2\repository\io\cucumber\cucumber-testng\7.11.2\cucumber-testng-7.11.2.jar;C:\Users\emili\.m2\repository\org\testng\testng\7.7.1\testng-7.7.1.jar;C:\Users\emili\.m2\repository\org\slf4j\slf4j-api\1.7.36\slf4j-api-1.7.36.jar;C:\Users\emili\.m2\repository\com\beust\jcommander\1.82\jcommander-1.82.jar;C:\Users\emili\.m2\repository\org\webjars\jquery\3.6.1\jquery-3.6.1.jar;C:\Users\emili\.m2\repository\net\masterthought\cucumber-reporting\5.7.5\cucumber-reporting-5.7.5.jar;C:\Users\emili\.m2\repository\com\fasterxml\jackson\core\jackson-databind\2.13.2.2\jackson-databind-2.13.2.2.jar;C:\Users\emili\.m2\repository\com\fasterxml\jackson\core\jackson-annotations\2.13.2\jackson-annotations-2.13.2.jar;C:\Users\emili\.m2\repository\com\fasterxml\jackson\core\jackson-core\2.13.2\jackson-core-2.13.2.jar;C:\Users\emili\.m2\repository\com\fasterxml\jackson\datatype\jackson-datatype-jsr310\2.13.2\jackson-datatype-jsr310-2.13.2.jar;C:\Users\emili\.m2\repository\org\apache\velocity\velocity-engine-core\2.3\velocity-engine-core-2.3.jar;C:\Users\emili\.m2\repository\org\apache\commons\commons-collections4\4.4\commons-collections4-4.4.jar;C:\Users\emili\.m2\repository\joda-time\joda-time\2.12.2\joda-time-2.12.2.jar;C:\Users\emili\.m2\repository\org\apache\commons\commons-lang3\3.12.0\commons-lang3-3.12.0.jar;C:\Users\emili\.m2\repository\commons-io\commons-io\2.7\commons-io-2.7.jar;C:\Users\emili\.m2\repository\org\codehaus\plexus\plexus-utils\3.5.0\plexus-utils-3.5.0.jar;C:\Users\emili\.m2\repository\org\jsoup\jsoup\1.15.4\jsoup-1.15.4.jar;C:\Users\emili\.m2\repository\com\googlecode\owasp-java-html-sanitizer\owasp-java-html-sanitizer\20220608.1\owasp-java-html-sanitizer-20220608.1.jar;C:\Users\emili\.m2\repository\com\google\guava\guava\30.1-jre\guava-30.1-jre.jar;C:\Users\emili\.m2\repository\com\google\guava\failureaccess\1.0.1\failureaccess-1.0.1.jar;C:\Users\emili\.m2\repository\com\google\guava\listenablefuture\9999.0-empty-to-avoid-conflict-with-guava\listenablefuture-9999.0-empty-to-avoid-conflict-with-guava.jar;C:\Users\emili\.m2\repository\com\google\code\findbugs\jsr305\3.0.2\jsr305-3.0.2.jar;C:\Users\emili\.m2\repository\org\checkerframework\checker-qual\3.5.0\checker-qual-3.5.0.jar;C:\Users\emili\.m2\repository\com\google\errorprone\error_prone_annotations\2.3.4\error_prone_annotations-2.3.4.jar;C:\Users\emili\.m2\repository\com\google\j2objc\j2objc-annotations\1.3\j2objc-annotations-1.3.jar;C:\Users\emili\.m2\repository\commons-configuration\commons-configuration\1.10\commons-configuration-1.10.jar;C:\Users\emili\.m2\repository\commons-lang\commons-lang\2.6\commons-lang-2.6.jar;C:\Users\emili\.m2\repository\commons-logging\commons-logging\1.1.1\commons-logging-1.1.1.jar;"/>
    <property name="sun.cpu.endian" value="little"/>
    <property name="user.home" value="C:\Users\emili"/>
    <property name="user.language" value="pt"/>
    <property name="java.specification.vendor" value="Oracle Corporation"/>
    <property name="java.version.date" value="2023-01-17"/>
    <property name="java.home" value="C:\Program Files\Java\jdk-19"/>
    <property name="file.separator" value="\"/>
    <property name="basedir" value="C:\Juan\ProjetoG1Web"/>
    <property name="java.vm.compressedOopsMode" value="Zero based"/>
    <property name="line.separator" value="&#10;"/>
    <property name="java.vm.specification.vendor" value="Oracle Corporation"/>
    <property name="java.specification.name" value="Java Platform API Specification"/>
    <property name="surefire.real.class.path" value="C:\Users\emili\AppData\Local\Temp\surefire12053823929965039413\surefirebooter-20230326170152314_3.jar"/>
    <property name="user.script" value=""/>
    <property name="sun.management.compiler" value="HotSpot 64-Bit Tiered Compilers"/>
    <property name="java.runtime.version" value="19.0.2+7-44"/>
    <property name="user.name" value="emili"/>
    <property name="stdout.encoding" value="Cp1252"/>
    <property name="path.separator" value=";"/>
    <property name="os.version" value="10.0"/>
    <property name="java.runtime.name" value="Java(TM) SE Runtime Environment"/>
    <property name="file.encoding" value="UTF-8"/>
    <property name="java.vm.name" value="Java HotSpot(TM) 64-Bit Server VM"/>
    <property name="localRepository" value="C:\Users\emili\.m2\repository"/>
    <property name="java.vendor.url.bug" value="https://bugreport.java.com/bugreport/"/>
    <property name="java.io.tmpdir" value="C:\Users\emili\AppData\Local\Temp\"/>
    <property name="java.version" value="19.0.2"/>
    <property name="user.dir" value="C:\Juan\ProjetoG1Web"/>
    <property name="os.arch" value="amd64"/>
    <property name="java.vm.specification.name" value="Java Virtual Machine Specification"/>
    <property name="sun.os.patch.level" value=""/>
    <property name="native.encoding" value="Cp1252"/>
    <property name="java.library.path" value="C:\Program Files\Java\jdk-19\bin;C:\Windows\Sun\Java\bin;C:\Windows\system32;C:\Windows;C:\Program Files\Common Files\Oracle\Java\javapath;C:\Windows\system32;C:\Windows;C:\Windows\System32\Wbem;C:\Windows\System32\WindowsPowerShell\v1.0\;C:\Windows\System32\OpenSSH\;C:\Program Files\dotnet\;C:\Program Files\NVIDIA Corporation\NVIDIA NvDLISR;C:\apache-maven\bin;C:\Program Files\Java\jdk-19\bin;C:\Program Files\Git\cmd;C:\Users\emili\AppData\Local\Microsoft\WindowsApps;;."/>
    <property name="java.vm.info" value="mixed mode, sharing"/>
    <property name="stderr.encoding" value="Cp1252"/>
    <property name="java.vendor" value="Oracle Corporation"/>
    <property name="java.vm.version" value="19.0.2+7-44"/>
    <property name="sun.io.unicode.encoding" value="UnicodeLittle"/>
    <property name="java.class.version" value="63.0"/>
  </properties>
  <testcase name="scenario[&quot;Successful login&quot;, &quot;Login Profile&quot;](1)" classname="TestRunner" time="0.053">
    <system-out><![CDATA[
@UpdateProfile
Scenario: Successful login                                                &amp#27;[90m# src/test/resources/features/UpdateProfile.feature:12&amp#27;[0m
  &amp#27;[32mGiven &amp#27;[0m&amp#27;[32mI am on the "&amp#27;[0m&amp#27;[32m&amp#27;[1mCompany home&amp#27;[0m&amp#27;[32m" page on URL "&amp#27;[0m&amp#27;[32m&amp#27;[1mwww.mycomany.com&amp#27;[0m&amp#27;[32m"&amp#27;[0m         &amp#27;[90m# stepdefs.StepDefinitions.i_am_on_the_page_on_URL(java.lang.String,java.lang.String)&amp#27;[0m
  &amp#27;[32mThen &amp#27;[0m&amp#27;[32mI should see "&amp#27;[0m&amp#27;[32m&amp#27;[1mLog In as Employee&amp#27;[0m&amp#27;[32m" message&amp#27;[0m                          &amp#27;[90m# stepdefs.StepDefinitions.i_should_see_message(java.lang.String)&amp#27;[0m
  &amp#27;[32mWhen &amp#27;[0m&amp#27;[32mI fill in "&amp#27;[0m&amp#27;[32m&amp#27;[1mUsername&amp#27;[0m&amp#27;[32m" with "&amp#27;[0m&amp#27;[32m&amp#27;[1mTest&amp#27;[0m&amp#27;[32m"&amp#27;[0m                                   &amp#27;[90m# stepdefs.StepDefinitions.i_fill_in_with(java.lang.String,java.lang.String)&amp#27;[0m
  &amp#27;[32mAnd &amp#27;[0m&amp#27;[32mI fill in "&amp#27;[0m&amp#27;[32m&amp#27;[1mPassword&amp#27;[0m&amp#27;[32m" with "&amp#27;[0m&amp#27;[32m&amp#27;[1m123&amp#27;[0m&amp#27;[32m"&amp#27;[0m                                     &amp#27;[90m# stepdefs.StepDefinitions.i_fill_in_with(java.lang.String,java.lang.String)&amp#27;[0m
  &amp#27;[32mAnd &amp#27;[0m&amp#27;[32mI click on the "&amp#27;[0m&amp#27;[32m&amp#27;[1mLog In&amp#27;[0m&amp#27;[32m" button&amp#27;[0m                                      &amp#27;[90m# stepdefs.StepDefinitions.i_click_on_the_button(java.lang.String)&amp#27;[0m
  &amp#27;[32mThen &amp#27;[0m&amp#27;[32mI am on the "&amp#27;[0m&amp#27;[32m&amp#27;[1mMy profile&amp#27;[0m&amp#27;[32m" page on URL "&amp#27;[0m&amp#27;[32m&amp#27;[1mwww.mycompany.com/myprofile&amp#27;[0m&amp#27;[32m"&amp#27;[0m &amp#27;[90m# stepdefs.StepDefinitions.i_am_on_the_page_on_URL(java.lang.String,java.lang.String)&amp#27;[0m
  &amp#27;[32mAnd &amp#27;[0m&amp#27;[32mI should see "&amp#27;[0m&amp#27;[32m&amp#27;[1mWelcome to your profile&amp#27;[0m&amp#27;[32m" message&amp#27;[0m                      &amp#27;[90m# stepdefs.StepDefinitions.i_should_see_message(java.lang.String)&amp#27;[0m
  &amp#27;[32mAnd &amp#27;[0m&amp#27;[32mI should see the "&amp#27;[0m&amp#27;[32m&amp#27;[1mLog out&amp#27;[0m&amp#27;[32m" button&amp#27;[0m                                   &amp#27;[90m# stepdefs.StepDefinitions.i_should_see_the_button(java.lang.String)&amp#27;[0m
]]></system-out>
    <system-err><![CDATA[SLF4J: Failed to load class "org.slf4j.impl.StaticLoggerBinder".
SLF4J: Defaulting to no-operation (NOP) logger implementation
SLF4J: See http://www.slf4j.org/codes.html#StaticLoggerBinder for further details.
]]></system-err>
  </testcase>
  <testcase name="scenario[&quot;Failed login using wrong credentials&quot;, &quot;Login Profile&quot;](2)" classname="TestRunner" time="0.004">
    <system-out><![CDATA[
@UpdateProfile
Scenario Outline: Failed login using wrong credentials            &amp#27;[90m# src/test/resources/features/UpdateProfile.feature:27&amp#27;[0m
  &amp#27;[32mGiven &amp#27;[0m&amp#27;[32mI am on the "&amp#27;[0m&amp#27;[32m&amp#27;[1mCompany home&amp#27;[0m&amp#27;[32m" page on URL "&amp#27;[0m&amp#27;[32m&amp#27;[1mwww.mycomany.com&amp#27;[0m&amp#27;[32m"&amp#27;[0m &amp#27;[90m# stepdefs.StepDefinitions.i_am_on_the_page_on_URL(java.lang.String,java.lang.String)&amp#27;[0m
  &amp#27;[32mThen &amp#27;[0m&amp#27;[32mI should see "&amp#27;[0m&amp#27;[32m&amp#27;[1mLog In as Employee&amp#27;[0m&amp#27;[32m" message&amp#27;[0m                  &amp#27;[90m# stepdefs.StepDefinitions.i_should_see_message(java.lang.String)&amp#27;[0m
  &amp#27;[32mWhen &amp#27;[0m&amp#27;[32mI fill in "&amp#27;[0m&amp#27;[32m&amp#27;[1mUsername&amp#27;[0m&amp#27;[32m" with "&amp#27;[0m&amp#27;[32m&amp#27;[1mTest&amp#27;[0m&amp#27;[32m"&amp#27;[0m                           &amp#27;[90m# stepdefs.StepDefinitions.i_fill_in_with(java.lang.String,java.lang.String)&amp#27;[0m
  &amp#27;[32mAnd &amp#27;[0m&amp#27;[32mI fill in "&amp#27;[0m&amp#27;[32m&amp#27;[1mPassword&amp#27;[0m&amp#27;[32m" with "&amp#27;[0m&amp#27;[32m&amp#27;[1m!23&amp#27;[0m&amp#27;[32m"&amp#27;[0m                             &amp#27;[90m# stepdefs.StepDefinitions.i_fill_in_with(java.lang.String,java.lang.String)&amp#27;[0m
  &amp#27;[32mAnd &amp#27;[0m&amp#27;[32mI click on the "&amp#27;[0m&amp#27;[32m&amp#27;[1mLogin&amp#27;[0m&amp#27;[32m" button&amp#27;[0m                               &amp#27;[90m# stepdefs.StepDefinitions.i_click_on_the_button(java.lang.String)&amp#27;[0m
  &amp#27;[32mAnd &amp#27;[0m&amp#27;[32mI should see "&amp#27;[0m&amp#27;[32m&amp#27;[1mIncorrect credentials. Try again!&amp#27;[0m&amp#27;[32m" message&amp#27;[0m    &amp#27;[90m# stepdefs.StepDefinitions.i_should_see_message(java.lang.String)&amp#27;[0m
]]></system-out>
  </testcase>
  <testcase name="scenario[&quot;Failed login using wrong credentials&quot;, &quot;Login Profile&quot;](3)" classname="TestRunner" time="0.005">
    <system-out><![CDATA[
@UpdateProfile
Scenario Outline: Failed login using wrong credentials            &amp#27;[90m# src/test/resources/features/UpdateProfile.feature:28&amp#27;[0m
  &amp#27;[32mGiven &amp#27;[0m&amp#27;[32mI am on the "&amp#27;[0m&amp#27;[32m&amp#27;[1mCompany home&amp#27;[0m&amp#27;[32m" page on URL "&amp#27;[0m&amp#27;[32m&amp#27;[1mwww.mycomany.com&amp#27;[0m&amp#27;[32m"&amp#27;[0m &amp#27;[90m# stepdefs.StepDefinitions.i_am_on_the_page_on_URL(java.lang.String,java.lang.String)&amp#27;[0m
  &amp#27;[32mThen &amp#27;[0m&amp#27;[32mI should see "&amp#27;[0m&amp#27;[32m&amp#27;[1mLog In as Employee&amp#27;[0m&amp#27;[32m" message&amp#27;[0m                  &amp#27;[90m# stepdefs.StepDefinitions.i_should_see_message(java.lang.String)&amp#27;[0m
  &amp#27;[32mWhen &amp#27;[0m&amp#27;[32mI fill in "&amp#27;[0m&amp#27;[32m&amp#27;[1mUsername&amp#27;[0m&amp#27;[32m" with "&amp#27;[0m&amp#27;[32m&amp#27;[1mTset&amp#27;[0m&amp#27;[32m"&amp#27;[0m                           &amp#27;[90m# stepdefs.StepDefinitions.i_fill_in_with(java.lang.String,java.lang.String)&amp#27;[0m
  &amp#27;[32mAnd &amp#27;[0m&amp#27;[32mI fill in "&amp#27;[0m&amp#27;[32m&amp#27;[1mPassword&amp#27;[0m&amp#27;[32m" with "&amp#27;[0m&amp#27;[32m&amp#27;[1m123&amp#27;[0m&amp#27;[32m"&amp#27;[0m                             &amp#27;[90m# stepdefs.StepDefinitions.i_fill_in_with(java.lang.String,java.lang.String)&amp#27;[0m
  &amp#27;[32mAnd &amp#27;[0m&amp#27;[32mI click on the "&amp#27;[0m&amp#27;[32m&amp#27;[1mLogin&amp#27;[0m&amp#27;[32m" button&amp#27;[0m                               &amp#27;[90m# stepdefs.StepDefinitions.i_click_on_the_button(java.lang.String)&amp#27;[0m
  &amp#27;[32mAnd &amp#27;[0m&amp#27;[32mI should see "&amp#27;[0m&amp#27;[32m&amp#27;[1mIncorrect credentials. Try again!&amp#27;[0m&amp#27;[32m" message&amp#27;[0m    &amp#27;[90m# stepdefs.StepDefinitions.i_should_see_message(java.lang.String)&amp#27;[0m
]]></system-out>
  </testcase>
  <testcase name="scenario[&quot;Failed login using wrong credentials&quot;, &quot;Login Profile&quot;](4)" classname="TestRunner" time="0.004">
    <system-out><![CDATA[
@UpdateProfile
Scenario Outline: Failed login using wrong credentials            &amp#27;[90m# src/test/resources/features/UpdateProfile.feature:29&amp#27;[0m
  &amp#27;[32mGiven &amp#27;[0m&amp#27;[32mI am on the "&amp#27;[0m&amp#27;[32m&amp#27;[1mCompany home&amp#27;[0m&amp#27;[32m" page on URL "&amp#27;[0m&amp#27;[32m&amp#27;[1mwww.mycomany.com&amp#27;[0m&amp#27;[32m"&amp#27;[0m &amp#27;[90m# stepdefs.StepDefinitions.i_am_on_the_page_on_URL(java.lang.String,java.lang.String)&amp#27;[0m
  &amp#27;[32mThen &amp#27;[0m&amp#27;[32mI should see "&amp#27;[0m&amp#27;[32m&amp#27;[1mLog In as Employee&amp#27;[0m&amp#27;[32m" message&amp#27;[0m                  &amp#27;[90m# stepdefs.StepDefinitions.i_should_see_message(java.lang.String)&amp#27;[0m
  &amp#27;[32mWhen &amp#27;[0m&amp#27;[32mI fill in "&amp#27;[0m&amp#27;[32m&amp#27;[1mUsername&amp#27;[0m&amp#27;[32m" with "&amp#27;[0m&amp#27;[32m&amp#27;[1mTset&amp#27;[0m&amp#27;[32m"&amp#27;[0m                           &amp#27;[90m# stepdefs.StepDefinitions.i_fill_in_with(java.lang.String,java.lang.String)&amp#27;[0m
  &amp#27;[32mAnd &amp#27;[0m&amp#27;[32mI fill in "&amp#27;[0m&amp#27;[32m&amp#27;[1mPassword&amp#27;[0m&amp#27;[32m" with "&amp#27;[0m&amp#27;[32m&amp#27;[1m!23&amp#27;[0m&amp#27;[32m"&amp#27;[0m                             &amp#27;[90m# stepdefs.StepDefinitions.i_fill_in_with(java.lang.String,java.lang.String)&amp#27;[0m
  &amp#27;[32mAnd &amp#27;[0m&amp#27;[32mI click on the "&amp#27;[0m&amp#27;[32m&amp#27;[1mLogin&amp#27;[0m&amp#27;[32m" button&amp#27;[0m                               &amp#27;[90m# stepdefs.StepDefinitions.i_click_on_the_button(java.lang.String)&amp#27;[0m
  &amp#27;[32mAnd &amp#27;[0m&amp#27;[32mI should see "&amp#27;[0m&amp#27;[32m&amp#27;[1mIncorrect credentials. Try again!&amp#27;[0m&amp#27;[32m" message&amp#27;[0m    &amp#27;[90m# stepdefs.StepDefinitions.i_should_see_message(java.lang.String)&amp#27;[0m
]]></system-out>
  </testcase>
  <testcase name="scenario[&quot;Failed login using wrong credentials&quot;, &quot;Login Profile&quot;](5)" classname="TestRunner" time="0.003">
    <system-out><![CDATA[
@UpdateProfile
Scenario Outline: Failed login using wrong credentials            &amp#27;[90m# src/test/resources/features/UpdateProfile.feature:30&amp#27;[0m
  &amp#27;[32mGiven &amp#27;[0m&amp#27;[32mI am on the "&amp#27;[0m&amp#27;[32m&amp#27;[1mCompany home&amp#27;[0m&amp#27;[32m" page on URL "&amp#27;[0m&amp#27;[32m&amp#27;[1mwww.mycomany.com&amp#27;[0m&amp#27;[32m"&amp#27;[0m &amp#27;[90m# stepdefs.StepDefinitions.i_am_on_the_page_on_URL(java.lang.String,java.lang.String)&amp#27;[0m
  &amp#27;[32mThen &amp#27;[0m&amp#27;[32mI should see "&amp#27;[0m&amp#27;[32m&amp#27;[1mLog In as Employee&amp#27;[0m&amp#27;[32m" message&amp#27;[0m                  &amp#27;[90m# stepdefs.StepDefinitions.i_should_see_message(java.lang.String)&amp#27;[0m
  &amp#27;[32mWhen &amp#27;[0m&amp#27;[32mI fill in "&amp#27;[0m&amp#27;[32m&amp#27;[1mUsername&amp#27;[0m&amp#27;[32m" with "&amp#27;[0m&amp#27;[32m&amp#27;[1mTest&amp#27;[0m&amp#27;[32m"&amp#27;[0m                           &amp#27;[90m# stepdefs.StepDefinitions.i_fill_in_with(java.lang.String,java.lang.String)&amp#27;[0m
  &amp#27;[32mAnd &amp#27;[0m&amp#27;[32mI fill in "&amp#27;[0m&amp#27;[32m&amp#27;[1mPassword&amp#27;[0m&amp#27;[32m" with "&amp#27;[0m&amp#27;[32m&amp#27;[1m&amp#27;[0m&amp#27;[32m"&amp#27;[0m                                &amp#27;[90m# stepdefs.StepDefinitions.i_fill_in_with(java.lang.String,java.lang.String)&amp#27;[0m
  &amp#27;[32mAnd &amp#27;[0m&amp#27;[32mI click on the "&amp#27;[0m&amp#27;[32m&amp#27;[1mLogin&amp#27;[0m&amp#27;[32m" button&amp#27;[0m                               &amp#27;[90m# stepdefs.StepDefinitions.i_click_on_the_button(java.lang.String)&amp#27;[0m
  &amp#27;[32mAnd &amp#27;[0m&amp#27;[32mI should see "&amp#27;[0m&amp#27;[32m&amp#27;[1mPlease enter password.&amp#27;[0m&amp#27;[32m" message&amp#27;[0m               &amp#27;[90m# stepdefs.StepDefinitions.i_should_see_message(java.lang.String)&amp#27;[0m
]]></system-out>
  </testcase>
  <testcase name="scenario[&quot;Failed login using wrong credentials&quot;, &quot;Login Profile&quot;](6)" classname="TestRunner" time="0.005">
    <system-out><![CDATA[
@UpdateProfile
Scenario Outline: Failed login using wrong credentials            &amp#27;[90m# src/test/resources/features/UpdateProfile.feature:31&amp#27;[0m
  &amp#27;[32mGiven &amp#27;[0m&amp#27;[32mI am on the "&amp#27;[0m&amp#27;[32m&amp#27;[1mCompany home&amp#27;[0m&amp#27;[32m" page on URL "&amp#27;[0m&amp#27;[32m&amp#27;[1mwww.mycomany.com&amp#27;[0m&amp#27;[32m"&amp#27;[0m &amp#27;[90m# stepdefs.StepDefinitions.i_am_on_the_page_on_URL(java.lang.String,java.lang.String)&amp#27;[0m
  &amp#27;[32mThen &amp#27;[0m&amp#27;[32mI should see "&amp#27;[0m&amp#27;[32m&amp#27;[1mLog In as Employee&amp#27;[0m&amp#27;[32m" message&amp#27;[0m                  &amp#27;[90m# stepdefs.StepDefinitions.i_should_see_message(java.lang.String)&amp#27;[0m
  &amp#27;[32mWhen &amp#27;[0m&amp#27;[32mI fill in "&amp#27;[0m&amp#27;[32m&amp#27;[1mUsername&amp#27;[0m&amp#27;[32m" with "&amp#27;[0m&amp#27;[32m&amp#27;[1m&amp#27;[0m&amp#27;[32m"&amp#27;[0m                               &amp#27;[90m# stepdefs.StepDefinitions.i_fill_in_with(java.lang.String,java.lang.String)&amp#27;[0m
  &amp#27;[32mAnd &amp#27;[0m&amp#27;[32mI fill in "&amp#27;[0m&amp#27;[32m&amp#27;[1mPassword&amp#27;[0m&amp#27;[32m" with "&amp#27;[0m&amp#27;[32m&amp#27;[1m123&amp#27;[0m&amp#27;[32m"&amp#27;[0m                             &amp#27;[90m# stepdefs.StepDefinitions.i_fill_in_with(java.lang.String,java.lang.String)&amp#27;[0m
  &amp#27;[32mAnd &amp#27;[0m&amp#27;[32mI click on the "&amp#27;[0m&amp#27;[32m&amp#27;[1mLogin&amp#27;[0m&amp#27;[32m" button&amp#27;[0m                               &amp#27;[90m# stepdefs.StepDefinitions.i_click_on_the_button(java.lang.String)&amp#27;[0m
  &amp#27;[32mAnd &amp#27;[0m&amp#27;[32mI should see "&amp#27;[0m&amp#27;[32m&amp#27;[1mPlease enter username.&amp#27;[0m&amp#27;[32m" message&amp#27;[0m               &amp#27;[90m# stepdefs.StepDefinitions.i_should_see_message(java.lang.String)&amp#27;[0m
]]></system-out>
  </testcase>
  <testcase name="scenario[&quot;Failed login using wrong credentials&quot;, &quot;Login Profile&quot;](7)" classname="TestRunner" time="0.004">
    <system-out><![CDATA[
@UpdateProfile
Scenario Outline: Failed login using wrong credentials            &amp#27;[90m# src/test/resources/features/UpdateProfile.feature:32&amp#27;[0m
  &amp#27;[32mGiven &amp#27;[0m&amp#27;[32mI am on the "&amp#27;[0m&amp#27;[32m&amp#27;[1mCompany home&amp#27;[0m&amp#27;[32m" page on URL "&amp#27;[0m&amp#27;[32m&amp#27;[1mwww.mycomany.com&amp#27;[0m&amp#27;[32m"&amp#27;[0m &amp#27;[90m# stepdefs.StepDefinitions.i_am_on_the_page_on_URL(java.lang.String,java.lang.String)&amp#27;[0m
  &amp#27;[32mThen &amp#27;[0m&amp#27;[32mI should see "&amp#27;[0m&amp#27;[32m&amp#27;[1mLog In as Employee&amp#27;[0m&amp#27;[32m" message&amp#27;[0m                  &amp#27;[90m# stepdefs.StepDefinitions.i_should_see_message(java.lang.String)&amp#27;[0m
  &amp#27;[32mWhen &amp#27;[0m&amp#27;[32mI fill in "&amp#27;[0m&amp#27;[32m&amp#27;[1mUsername&amp#27;[0m&amp#27;[32m" with "&amp#27;[0m&amp#27;[32m&amp#27;[1m&amp#27;[0m&amp#27;[32m"&amp#27;[0m                               &amp#27;[90m# stepdefs.StepDefinitions.i_fill_in_with(java.lang.String,java.lang.String)&amp#27;[0m
  &amp#27;[32mAnd &amp#27;[0m&amp#27;[32mI fill in "&amp#27;[0m&amp#27;[32m&amp#27;[1mPassword&amp#27;[0m&amp#27;[32m" with "&amp#27;[0m&amp#27;[32m&amp#27;[1m&amp#27;[0m&amp#27;[32m"&amp#27;[0m                                &amp#27;[90m# stepdefs.StepDefinitions.i_fill_in_with(java.lang.String,java.lang.String)&amp#27;[0m
  &amp#27;[32mAnd &amp#27;[0m&amp#27;[32mI click on the "&amp#27;[0m&amp#27;[32m&amp#27;[1mLogin&amp#27;[0m&amp#27;[32m" button&amp#27;[0m                               &amp#27;[90m# stepdefs.StepDefinitions.i_click_on_the_button(java.lang.String)&amp#27;[0m
  &amp#27;[32mAnd &amp#27;[0m&amp#27;[32mI should see "&amp#27;[0m&amp#27;[32m&amp#27;[1mPlease enter your credentials.&amp#27;[0m&amp#27;[32m" message&amp#27;[0m       &amp#27;[90m# stepdefs.StepDefinitions.i_should_see_message(java.lang.String)&amp#27;[0m
]]></system-out>
  </testcase>
</testsuite>