<?xml version="1.0" encoding="UTF-8"?>
<!-- Generated by org.testng.reporters.JUnitReportReporter -->
<testsuite hostname="DESKTOP-FM3VET7" failures="0" tests="7" name="TestRunner" time="0.073" errors="0" timestamp="2023-03-26T17:01:53 BRT" skipped="0">
  <testcase classname="TestRunner" name="scenario" time="0.050"/>
  <system-out/>
  <testcase classname="TestRunner" name="scenario" time="0.003"/>
  <system-out/>
  <testcase classname="TestRunner" name="scenario" time="0.004"/>
  <system-out/>
  <testcase classname="TestRunner" name="scenario" time="0.005"/>
  <system-out/>
  <testcase classname="TestRunner" name="scenario" time="0.005"/>
  <system-out/>
  <testcase classname="TestRunner" name="scenario" time="0.003"/>
  <system-out/>
  <testcase classname="TestRunner" name="scenario" time="0.003"/>
  <system-out/>
</testsuite> <!-- TestRunner -->
